2019-06-05 15:51:54.8099|INFO|Microsoft.EntityFrameworkCore.Storage.Internal.RelationalCommandBuilderFactory|Executed DbCommand (0ms) [Parameters=[], CommandType='Text', CommandTimeout='30']
SELECT CASE
    WHEN EXISTS (
        SELECT 1
        FROM [Cities] AS [c])
    THEN CAST(1 AS BIT) ELSE CAST(0 AS BIT)
END
2019-06-05 15:51:55.1458|INFO|Microsoft.EntityFrameworkCore.Storage.Internal.RelationalCommandBuilderFactory|Executed DbCommand (19ms) [Parameters=[@p0='?' (Size = 200), @p1='?' (Size = 50), @p2='?' (Size = 200), @p3='?' (Size = 50), @p4='?' (Size = 200), @p5='?' (Size = 50)], CommandType='Text', CommandTimeout='30']
SET NOCOUNT ON;
DECLARE @toInsert2 TABLE ([Description] nvarchar(200), [Name] nvarchar(50), [_Position] [int]);
INSERT INTO @toInsert2
VALUES (@p0, @p1, 0),
(@p2, @p3, 1),
(@p4, @p5, 2);

DECLARE @inserted2 TABLE ([Id] int, [Description] nvarchar(200), [Name] nvarchar(50), [_Position] [int]);
MERGE [Cities] USING @toInsert2 AS i ON 1=0
WHEN NOT MATCHED THEN
INSERT ([Description], [Name])
VALUES (i.[Description], i.[Name])
OUTPUT INSERTED.[Id], INSERTED.[Description], INSERTED.[Name], i._Position
INTO @inserted2;

SELECT [Id] FROM @inserted2
ORDER BY _Position;
2019-06-05 15:51:55.2158|INFO|Microsoft.EntityFrameworkCore.Storage.Internal.RelationalCommandBuilderFactory|Executed DbCommand (5ms) [Parameters=[@p6='?', @p7='?' (Size = 200), @p8='?' (Size = 50), @p9='?', @p10='?' (Size = 200), @p11='?' (Size = 50), @p12='?', @p13='?' (Size = 200), @p14='?' (Size = 50), @p15='?', @p16='?' (Size = 200), @p17='?' (Size = 50), @p18='?', @p19='?' (Size = 200), @p20='?' (Size = 50), @p21='?', @p22='?' (Size = 200), @p23='?' (Size = 50)], CommandType='Text', CommandTimeout='30']
SET NOCOUNT ON;
DECLARE @toInsert5 TABLE ([CityId] int, [Description] nvarchar(200), [Name] nvarchar(50), [_Position] [int]);
INSERT INTO @toInsert5
VALUES (@p6, @p7, @p8, 0),
(@p9, @p10, @p11, 1),
(@p12, @p13, @p14, 2),
(@p15, @p16, @p17, 3),
(@p18, @p19, @p20, 4),
(@p21, @p22, @p23, 5);

DECLARE @inserted5 TABLE ([Id] int, [CityId] int, [Description] nvarchar(200), [Name] nvarchar(50), [_Position] [int]);
MERGE [PointsOfInterest] USING @toInsert5 AS i ON 1=0
WHEN NOT MATCHED THEN
INSERT ([CityId], [Description], [Name])
VALUES (i.[CityId], i.[Description], i.[Name])
OUTPUT INSERTED.[Id], INSERTED.[CityId], INSERTED.[Description], INSERTED.[Name], i._Position
INTO @inserted5;

SELECT [Id] FROM @inserted5
ORDER BY _Position;
2019-06-05 15:51:57.8230|INFO|Microsoft.AspNetCore.Hosting.Internal.WebHost|Request starting HTTP/1.1 GET http://localhost:1028/  
2019-06-05 15:51:57.8230|INFO|Microsoft.AspNetCore.Hosting.Internal.WebHost|Request starting HTTP/1.1 DEBUG http://localhost:1028/  0
2019-06-05 15:51:57.9099|INFO|Microsoft.AspNetCore.Hosting.Internal.WebHost|Request finished in 82.9948ms 200 
2019-06-05 15:51:58.2478|INFO|Microsoft.AspNetCore.Hosting.Internal.WebHost|Request finished in 456.9864ms 404 text/plain
2019-06-05 15:51:58.4058|INFO|Microsoft.AspNetCore.Hosting.Internal.WebHost|Request starting HTTP/1.1 GET http://localhost:1028/favicon.ico  
2019-06-05 15:51:58.4058|INFO|Microsoft.AspNetCore.Hosting.Internal.WebHost|Request starting HTTP/1.1 GET http://localhost:1028/  
2019-06-05 15:51:58.4228|INFO|Microsoft.AspNetCore.Hosting.Internal.WebHost|Request finished in 22.3962ms 404 text/plain
2019-06-05 15:51:58.4228|INFO|Microsoft.AspNetCore.Hosting.Internal.WebHost|Request finished in 26.2874ms 404 text/plain
2019-06-05 15:52:03.5861|INFO|Microsoft.AspNetCore.Hosting.Internal.WebHost|Request starting HTTP/1.1 GET http://localhost:1028/  
2019-06-05 15:52:03.5921|INFO|Microsoft.AspNetCore.Hosting.Internal.WebHost|Request finished in 4.404ms 404 text/plain
2019-06-05 15:52:03.6901|INFO|Microsoft.AspNetCore.Hosting.Internal.WebHost|Request starting HTTP/1.1 GET http://localhost:1028/  
2019-06-05 15:52:03.6901|INFO|Microsoft.AspNetCore.Hosting.Internal.WebHost|Request finished in 5.9634ms 404 text/plain
2019-06-05 15:52:05.5235|INFO|Microsoft.AspNetCore.Hosting.Internal.WebHost|Request starting HTTP/1.1 GET http://localhost:1028/  
2019-06-05 15:52:05.5235|INFO|Microsoft.AspNetCore.Hosting.Internal.WebHost|Request finished in 3.7244ms 404 text/plain
2019-06-05 15:52:05.6104|INFO|Microsoft.AspNetCore.Hosting.Internal.WebHost|Request starting HTTP/1.1 GET http://localhost:1028/  
2019-06-05 15:52:05.6104|INFO|Microsoft.AspNetCore.Hosting.Internal.WebHost|Request finished in 3.3528ms 404 text/plain
2019-06-05 15:52:05.9303|INFO|Microsoft.AspNetCore.Hosting.Internal.WebHost|Request starting HTTP/1.1 GET http://localhost:1028/  
2019-06-05 15:52:05.9363|INFO|Microsoft.AspNetCore.Hosting.Internal.WebHost|Request finished in 5.3315ms 404 text/plain
2019-06-05 15:52:06.0233|INFO|Microsoft.AspNetCore.Hosting.Internal.WebHost|Request starting HTTP/1.1 GET http://localhost:1028/  
2019-06-05 15:52:06.0233|INFO|Microsoft.AspNetCore.Hosting.Internal.WebHost|Request finished in 3.8689ms 404 text/plain
2019-06-05 15:52:06.1053|INFO|Microsoft.AspNetCore.Hosting.Internal.WebHost|Request starting HTTP/1.1 GET http://localhost:1028/  
2019-06-05 15:52:06.1083|INFO|Microsoft.AspNetCore.Hosting.Internal.WebHost|Request finished in 3.1436ms 404 text/plain
2019-06-05 15:52:06.1932|INFO|Microsoft.AspNetCore.Hosting.Internal.WebHost|Request starting HTTP/1.1 GET http://localhost:1028/  
2019-06-05 15:52:06.1932|INFO|Microsoft.AspNetCore.Hosting.Internal.WebHost|Request finished in 3.6199ms 404 text/plain
2019-06-05 15:52:06.2992|INFO|Microsoft.AspNetCore.Hosting.Internal.WebHost|Request starting HTTP/1.1 GET http://localhost:1028/  
2019-06-05 15:52:06.2992|INFO|Microsoft.AspNetCore.Hosting.Internal.WebHost|Request finished in 3.9181ms 404 text/plain
2019-06-05 15:52:06.3912|INFO|Microsoft.AspNetCore.Hosting.Internal.WebHost|Request starting HTTP/1.1 GET http://localhost:1028/  
2019-06-05 15:52:06.3912|INFO|Microsoft.AspNetCore.Hosting.Internal.WebHost|Request finished in 3.6068ms 404 text/plain
2019-06-05 15:52:06.4912|INFO|Microsoft.AspNetCore.Hosting.Internal.WebHost|Request starting HTTP/1.1 GET http://localhost:1028/  
2019-06-05 15:52:06.4912|INFO|Microsoft.AspNetCore.Hosting.Internal.WebHost|Request finished in 3.9722ms 404 text/plain
2019-06-05 15:52:06.5811|INFO|Microsoft.AspNetCore.Hosting.Internal.WebHost|Request starting HTTP/1.1 GET http://localhost:1028/  
2019-06-05 15:52:06.5811|INFO|Microsoft.AspNetCore.Hosting.Internal.WebHost|Request finished in 3.7472ms 404 text/plain
2019-06-05 15:52:06.6861|INFO|Microsoft.AspNetCore.Hosting.Internal.WebHost|Request starting HTTP/1.1 GET http://localhost:1028/  
2019-06-05 15:52:06.6861|INFO|Microsoft.AspNetCore.Hosting.Internal.WebHost|Request finished in 3.5ms 404 text/plain
2019-06-05 15:52:06.7761|INFO|Microsoft.AspNetCore.Hosting.Internal.WebHost|Request starting HTTP/1.1 GET http://localhost:1028/  
2019-06-05 15:52:06.7791|INFO|Microsoft.AspNetCore.Hosting.Internal.WebHost|Request finished in 3.0228ms 404 text/plain
2019-06-05 15:52:06.8580|INFO|Microsoft.AspNetCore.Hosting.Internal.WebHost|Request starting HTTP/1.1 GET http://localhost:1028/  
2019-06-05 15:52:06.8580|INFO|Microsoft.AspNetCore.Hosting.Internal.WebHost|Request finished in 3.5351ms 404 text/plain
2019-06-05 15:52:06.9780|INFO|Microsoft.AspNetCore.Hosting.Internal.WebHost|Request starting HTTP/1.1 GET http://localhost:1028/  
2019-06-05 15:52:06.9820|INFO|Microsoft.AspNetCore.Hosting.Internal.WebHost|Request finished in 3.4142ms 404 text/plain
